# JRE version: Java(TM) SE Runtime Environment (7.0_40-b43) (build 1.7.0_40-b43)
# Java VM: Java HotSpot(TM) 64-Bit Server VM (24.0-b56 mixed mode linux-amd64 compressed oops)
Heap
 PSYoungGen      total 140288K, used 61000K [0x0000000700000000, 0x0000000708e00000, 0x0000000800000000)
  eden space 135168K, 41% used [0x0000000700000000,0x00000007036929a8,0x0000000708400000)
  from space 5120K, 99% used [0x0000000708900000,0x0000000708dff660,0x0000000708e00000)
  to   space 5120K, 0% used [0x0000000708400000,0x0000000708400000,0x0000000708900000)
 ParOldGen       total 87552K, used 49483K [0x0000000500000000, 0x0000000505580000, 0x0000000700000000)
  object space 87552K, 56% used [0x0000000500000000,0x0000000503052ec0,0x0000000505580000)
 PSPermGen       total 35328K, used 34914K [0x00000004fae00000, 0x00000004fd080000, 0x0000000500000000)
  object space 35328K, 98% used [0x00000004fae00000,0x00000004fd0189a8,0x00000004fd080000)
GC Heap History (8 events):
Event: 0.557 GC heap before
{Heap before GC invocations=1 (full 0):
 PSYoungGen      total 38912K, used 33792K [0x0000000700000000, 0x0000000702b00000, 0x0000000800000000)
  eden space 33792K, 100% used [0x0000000700000000,0x0000000702100000,0x0000000702100000)
  from space 5120K, 0% used [0x0000000702600000,0x0000000702600000,0x0000000702b00000)
  to   space 5120K, 0% used [0x0000000702100000,0x0000000702100000,0x0000000702600000)
 ParOldGen       total 87552K, used 0K [0x0000000500000000, 0x0000000505580000, 0x0000000700000000)
  object space 87552K, 0% used [0x0000000500000000,0x0000000500000000,0x0000000505580000)
 PSPermGen       total 21504K, used 14853K [0x00000004fae00000, 0x00000004fc300000, 0x0000000500000000)
  object space 21504K, 69% used [0x00000004fae00000,0x00000004fbc81680,0x00000004fc300000)
Event: 0.568 GC heap after
Heap after GC invocations=1 (full 0):
 PSYoungGen      total 38912K, used 5090K [0x0000000700000000, 0x0000000704c00000, 0x0000000800000000)
  eden space 33792K, 0% used [0x0000000700000000,0x0000000700000000,0x0000000702100000)
  from space 5120K, 99% used [0x0000000702100000,0x00000007025f8850,0x0000000702600000)
  to   space 5120K, 0% used [0x0000000704700000,0x0000000704700000,0x0000000704c00000)
 ParOldGen       total 87552K, used 4434K [0x0000000500000000, 0x0000000505580000, 0x0000000700000000)
  object space 87552K, 5% used [0x0000000500000000,0x0000000500454960,0x0000000505580000)
 PSPermGen       total 21504K, used 14853K [0x00000004fae00000, 0x00000004fc300000, 0x0000000500000000)
  object space 21504K, 69% used [0x00000004fae00000,0x00000004fbc81680,0x00000004fc300000)
}
Event: 0.806 GC heap before
{Heap before GC invocations=2 (full 0):
 PSYoungGen      total 38912K, used 38882K [0x0000000700000000, 0x0000000704c00000, 0x0000000800000000)
  eden space 33792K, 100% used [0x0000000700000000,0x0000000702100000,0x0000000702100000)
  from space 5120K, 99% used [0x0000000702100000,0x00000007025f8850,0x0000000702600000)
  to   space 5120K, 0% used [0x0000000704700000,0x0000000704700000,0x0000000704c00000)
 ParOldGen       total 87552K, used 4434K [0x0000000500000000, 0x0000000505580000, 0x0000000700000000)
  object space 87552K, 5% used [0x0000000500000000,0x0000000500454960,0x0000000505580000)
 PSPermGen       total 21504K, used 15434K [0x00000004fae00000, 0x00000004fc300000, 0x0000000500000000)
  object space 21504K, 71% used [0x00000004fae00000,0x00000004fbd129a0,0x00000004fc300000)
Event: 0.814 GC heap after
Heap after GC invocations=2 (full 0):
 PSYoungGen      total 72704K, used 5088K [0x0000000700000000, 0x0000000704c00000, 0x0000000800000000)
  eden space 67584K, 0% used [0x0000000700000000,0x0000000700000000,0x0000000704200000)
  from space 5120K, 99% used [0x0000000704700000,0x0000000704bf8090,0x0000000704c00000)
  to   space 5120K, 0% used [0x0000000704200000,0x0000000704200000,0x0000000704700000)
 ParOldGen       total 87552K, used 18770K [0x0000000500000000, 0x0000000505580000, 0x0000000700000000)
  object space 87552K, 21% used [0x0000000500000000,0x00000005012549a0,0x0000000505580000)
 PSPermGen       total 21504K, used 15434K [0x00000004fae00000, 0x00000004fc300000, 0x0000000500000000)
  object space 21504K, 71% used [0x00000004fae00000,0x00000004fbd129a0,0x00000004fc300000)
}
Event: 2.848 GC heap before
{Heap before GC invocations=3 (full 0):
 PSYoungGen      total 72704K, used 72672K [0x0000000700000000, 0x0000000704c00000, 0x0000000800000000)
  eden space 67584K, 100% used [0x0000000700000000,0x0000000704200000,0x0000000704200000)
  from space 5120K, 99% used [0x0000000704700000,0x0000000704bf8090,0x0000000704c00000)
  to   space 5120K, 0% used [0x0000000704200000,0x0000000704200000,0x0000000704700000)
 ParOldGen       total 87552K, used 18770K [0x0000000500000000, 0x0000000505580000, 0x0000000700000000)
  object space 87552K, 21% used [0x0000000500000000,0x00000005012549a0,0x0000000505580000)
 PSPermGen       total 28160K, used 28069K [0x00000004fae00000, 0x00000004fc980000, 0x0000000500000000)
  object space 28160K, 99% used [0x00000004fae00000,0x00000004fc969480,0x00000004fc980000)
Event: 2.862 GC heap after
Heap after GC invocations=3 (full 0):
 PSYoungGen      total 72704K, used 5101K [0x0000000700000000, 0x0000000708e00000, 0x0000000800000000)
  eden space 67584K, 0% used [0x0000000700000000,0x0000000700000000,0x0000000704200000)
  from space 5120K, 99% used [0x0000000704200000,0x00000007046fb690,0x0000000704700000)
  to   space 5120K, 0% used [0x0000000708900000,0x0000000708900000,0x0000000708e00000)
 ParOldGen       total 87552K, used 34694K [0x0000000500000000, 0x0000000505580000, 0x0000000700000000)
  object space 87552K, 39% used [0x0000000500000000,0x00000005021e1af8,0x0000000505580000)
 PSPermGen       total 28160K, used 28069K [0x00000004fae00000, 0x00000004fc980000, 0x0000000500000000)
  object space 28160K, 99% used [0x00000004fae00000,0x00000004fc969480,0x00000004fc980000)
}
Event: 15.781 GC heap before
{Heap before GC invocations=4 (full 0):
 PSYoungGen      total 72704K, used 72685K [0x0000000700000000, 0x0000000708e00000, 0x0000000800000000)
  eden space 67584K, 100% used [0x0000000700000000,0x0000000704200000,0x0000000704200000)
  from space 5120K, 99% used [0x0000000704200000,0x00000007046fb690,0x0000000704700000)
  to   space 5120K, 0% used [0x0000000708900000,0x0000000708900000,0x0000000708e00000)
 ParOldGen       total 87552K, used 34694K [0x0000000500000000, 0x0000000505580000, 0x0000000700000000)
  object space 87552K, 39% used [0x0000000500000000,0x00000005021e1af8,0x0000000505580000)
 PSPermGen       total 33792K, used 33678K [0x00000004fae00000, 0x00000004fcf00000, 0x0000000500000000)
  object space 33792K, 99% used [0x00000004fae00000,0x00000004fcee3af8,0x00000004fcf00000)
Event: 15.793 GC heap after
Heap after GC invocations=4 (full 0):
 PSYoungGen      total 140288K, used 5117K [0x0000000700000000, 0x0000000708e00000, 0x0000000800000000)
  eden space 135168K, 0% used [0x0000000700000000,0x0000000700000000,0x0000000708400000)
  from space 5120K, 99% used [0x0000000708900000,0x0000000708dff660,0x0000000708e00000)
  to   space 5120K, 0% used [0x0000000708400000,0x0000000708400000,0x0000000708900000)
 ParOldGen       total 87552K, used 49483K [0x0000000500000000, 0x0000000505580000, 0x0000000700000000)
  object space 87552K, 56% used [0x0000000500000000,0x0000000503052ec0,0x0000000505580000)
 PSPermGen       total 33792K, used 33678K [0x00000004fae00000, 0x00000004fcf00000, 0x0000000500000000)
  object space 33792K, 99% used [0x00000004fae00000,0x00000004fcee3af8,0x00000004fcf00000)
}

